The system is: Windows - 10.0.22000 - AMD64
Compiling the C compiler identification source file "CMakeCCompilerId.c" succeeded.
Compiler: C:/Program Files (x86)/Microsoft Visual Studio/2019/Community/VC/Tools/MSVC/14.29.30133/bin/Hostx86/x86/cl.exe 
Build flags: 
Id flags:  

The output was:
0
Microsoft (R) C/C++ Optimizing Compiler Version 19.29.30133 for x86
Copyright (C) Microsoft Corporation.  All rights reserved.

CMakeCCompilerId.c
Microsoft (R) Incremental Linker Version 14.29.30133.0
Copyright (C) Microsoft Corporation.  All rights reserved.

/out:CMakeCCompilerId.exe 
CMakeCCompilerId.obj 


Compilation of the C compiler identification source "CMakeCCompilerId.c" produced "CMakeCCompilerId.exe"

Compilation of the C compiler identification source "CMakeCCompilerId.c" produced "CMakeCCompilerId.obj"

The C compiler identification is MSVC, found in "C:/comp1020/Reverse_linked_list/cmake-build-debug/CMakeFiles/3.20.2/CompilerIdC/CMakeCCompilerId.exe"

Detecting C compiler ABI info compiled with the following output:
Change Dir: C:/comp1020/Reverse_linked_list/cmake-build-debug/CMakeFiles/CMakeTmp

Run Build Command(s):nmake -f Makefile /nologo cmTC_2d39f\fast && 	"C:\Program Files (x86)\Microsoft Visual Studio\2019\Community\VC\Tools\MSVC\14.29.30133\bin\HostX86\x86\nmake.exe"  -f CMakeFiles\cmTC_2d39f.dir\build.make /nologo -L                  CMakeFiles\cmTC_2d39f.dir\build
Building C object CMakeFiles/cmTC_2d39f.dir/CMakeCCompilerABI.c.obj
	"C:\Program Files\JetBrains\CLion 2021.2.2\bin\cmake\win\bin\cmake.exe" -E cmake_cl_compile_depends --dep-file=CMakeFiles\cmTC_2d39f.dir\CMakeCCompilerABI.c.obj.d --working-dir=C:\comp1020\Reverse_linked_list\cmake-build-debug\CMakeFiles\CMakeTmp --filter-prefix="" -- C:\PROGRA~2\MICROS~3\2019\Community\VC\Tools\MSVC\14.29.30133\bin\Hostx86\x86\cl.exe @C:\Users\aumpa\AppData\Local\Temp\nm8410.tmp
Linking C executable cmTC_2d39f.exe
	"C:\Program Files\JetBrains\CLion 2021.2.2\bin\cmake\win\bin\cmake.exe" -E vs_link_exe --intdir=CMakeFiles\cmTC_2d39f.dir --rc="C:\PROGRA~2\Windows Kits\10\bin\10.0.19041.0\x86\rc.exe" --mt="C:\PROGRA~2\Windows Kits\10\bin\10.0.19041.0\x86\mt.exe" --manifests -- C:\PROGRA~2\MICROS~3\2019\Community\VC\Tools\MSVC\14.29.30133\bin\Hostx86\x86\link.exe /nologo @CMakeFiles\cmTC_2d39f.dir\objects1.rsp @C:\Users\aumpa\AppData\Local\Temp\nm85C6.tmp



